2024-08-15T11:24:12.639+03:00  INFO 3668 --- [E-Commerce] [main] c.yilmaz.ECommerce.ECommerceApplication  : Starting ECommerceApplication using Java 17.0.8.1 with PID 3668 (C:\springBoot\E-Commerce\target\classes started by mahmu in C:\springBoot\E-Commerce)
2024-08-15T11:24:12.645+03:00 DEBUG 3668 --- [E-Commerce] [main] c.yilmaz.ECommerce.ECommerceApplication  : Running with Spring Boot v3.3.2, Spring v6.1.11
2024-08-15T11:24:12.647+03:00  INFO 3668 --- [E-Commerce] [main] c.yilmaz.ECommerce.ECommerceApplication  : No active profile set, falling back to 1 default profile: "default"
2024-08-15T11:24:13.504+03:00  INFO 3668 --- [E-Commerce] [main] .s.d.r.c.RepositoryConfigurationDelegate : Bootstrapping Spring Data JPA repositories in DEFAULT mode.
2024-08-15T11:24:13.573+03:00  INFO 3668 --- [E-Commerce] [main] .s.d.r.c.RepositoryConfigurationDelegate : Finished Spring Data repository scanning in 61 ms. Found 6 JPA repository interfaces.
2024-08-15T11:24:14.038+03:00  INFO 3668 --- [E-Commerce] [main] o.s.b.w.embedded.tomcat.TomcatWebServer  : Tomcat initialized with port 8080 (http)
2024-08-15T11:24:14.048+03:00  INFO 3668 --- [E-Commerce] [main] o.apache.catalina.core.StandardService   : Starting service [Tomcat]
2024-08-15T11:24:14.049+03:00  INFO 3668 --- [E-Commerce] [main] o.apache.catalina.core.StandardEngine    : Starting Servlet engine: [Apache Tomcat/10.1.26]
2024-08-15T11:24:14.105+03:00  INFO 3668 --- [E-Commerce] [main] o.a.c.c.C.[Tomcat].[localhost].[/]       : Initializing Spring embedded WebApplicationContext
2024-08-15T11:24:14.106+03:00  INFO 3668 --- [E-Commerce] [main] w.s.c.ServletWebServerApplicationContext : Root WebApplicationContext: initialization completed in 1386 ms
2024-08-15T11:24:14.251+03:00  INFO 3668 --- [E-Commerce] [main] o.hibernate.jpa.internal.util.LogHelper  : HHH000204: Processing PersistenceUnitInfo [name: default]
2024-08-15T11:24:14.329+03:00  INFO 3668 --- [E-Commerce] [main] org.hibernate.Version                    : HHH000412: Hibernate ORM core version 6.5.2.Final
2024-08-15T11:24:14.365+03:00  INFO 3668 --- [E-Commerce] [main] o.h.c.internal.RegionFactoryInitiator    : HHH000026: Second-level cache disabled
2024-08-15T11:24:14.689+03:00  INFO 3668 --- [E-Commerce] [main] o.s.o.j.p.SpringPersistenceUnitInfo      : No LoadTimeWeaver setup: ignoring JPA class transformer
2024-08-15T11:24:14.714+03:00  INFO 3668 --- [E-Commerce] [main] com.zaxxer.hikari.HikariDataSource       : HikariPool-1 - Starting...
2024-08-15T11:24:14.845+03:00  INFO 3668 --- [E-Commerce] [main] com.zaxxer.hikari.pool.HikariPool        : HikariPool-1 - Added connection com.mysql.cj.jdbc.ConnectionImpl@16a09809
2024-08-15T11:24:14.847+03:00  INFO 3668 --- [E-Commerce] [main] com.zaxxer.hikari.HikariDataSource       : HikariPool-1 - Start completed.
2024-08-15T11:24:14.886+03:00  WARN 3668 --- [E-Commerce] [main] org.hibernate.orm.deprecation            : HHH90000025: MySQL8Dialect does not need to be specified explicitly using 'hibernate.dialect' (remove the property setting and it will be selected by default)
2024-08-15T11:24:14.887+03:00  WARN 3668 --- [E-Commerce] [main] org.hibernate.orm.deprecation            : HHH90000026: MySQL8Dialect has been deprecated; use org.hibernate.dialect.MySQLDialect instead
2024-08-15T11:24:15.788+03:00  INFO 3668 --- [E-Commerce] [main] o.h.e.t.j.p.i.JtaPlatformInitiator       : HHH000489: No JTA platform available (set 'hibernate.transaction.jta.platform' to enable JTA platform integration)
2024-08-15T11:24:15.862+03:00  INFO 3668 --- [E-Commerce] [main] j.LocalContainerEntityManagerFactoryBean : Initialized JPA EntityManagerFactory for persistence unit 'default'
2024-08-15T11:24:16.202+03:00  INFO 3668 --- [E-Commerce] [main] o.s.d.j.r.query.QueryEnhancerFactory     : Hibernate is in classpath; If applicable, HQL parser will be used.
2024-08-15T11:24:16.636+03:00  WARN 3668 --- [E-Commerce] [main] JpaBaseConfiguration$JpaWebConfiguration : spring.jpa.open-in-view is enabled by default. Therefore, database queries may be performed during view rendering. Explicitly configure spring.jpa.open-in-view to disable this warning
2024-08-15T11:24:17.184+03:00  INFO 3668 --- [E-Commerce] [main] o.s.b.w.embedded.tomcat.TomcatWebServer  : Tomcat started on port 8080 (http) with context path '/'
2024-08-15T11:24:17.194+03:00  INFO 3668 --- [E-Commerce] [main] c.yilmaz.ECommerce.ECommerceApplication  : Started ECommerceApplication in 5.271 seconds (process running for 6.133)
2024-08-15T11:25:12.130+03:00  INFO 3668 --- [E-Commerce] [http-nio-8080-exec-1] o.a.c.c.C.[Tomcat].[localhost].[/]       : Initializing Spring DispatcherServlet 'dispatcherServlet'
2024-08-15T11:25:12.130+03:00  INFO 3668 --- [E-Commerce] [http-nio-8080-exec-1] o.s.web.servlet.DispatcherServlet        : Initializing Servlet 'dispatcherServlet'
2024-08-15T11:25:12.131+03:00  INFO 3668 --- [E-Commerce] [http-nio-8080-exec-1] o.s.web.servlet.DispatcherServlet        : Completed initialization in 1 ms
2024-08-15T11:25:26.464+03:00 DEBUG 3668 --- [E-Commerce] [http-nio-8080-exec-4] org.hibernate.SQL                        : select u1_0.id,u1_0.address,u1_0.created_at,u1_0.email,u1_0.is_active,u1_0.`key`,u1_0.name,u1_0.password,u1_0.surname,u1_0.username from users u1_0 where u1_0.username=? and u1_0.password=?
2024-08-15T11:25:26.511+03:00 DEBUG 3668 --- [E-Commerce] [http-nio-8080-exec-5] org.hibernate.SQL                        : select u1_0.id,u1_0.address,u1_0.created_at,u1_0.email,u1_0.is_active,u1_0.`key`,u1_0.name,u1_0.password,u1_0.surname,u1_0.username from users u1_0 where u1_0.id=?
2024-08-15T11:25:26.517+03:00 DEBUG 3668 --- [E-Commerce] [http-nio-8080-exec-5] org.hibernate.SQL                        : select o1_0.id,o1_0.order_date,o1_0.order_number,o1_0.status,o1_0.user_id from orders o1_0 where o1_0.user_id=?
2024-08-15T11:25:26.522+03:00 DEBUG 3668 --- [E-Commerce] [http-nio-8080-exec-5] org.hibernate.SQL                        : select p1_0.id,p1_0.amount,o1_0.id,o1_0.order_date,o1_0.order_number,o1_0.status,u1_0.id,u1_0.address,u1_0.created_at,u1_0.email,u1_0.is_active,u1_0.`key`,u1_0.name,u1_0.password,u1_0.surname,u1_0.username,p1_0.payment_date,p1_0.payment_type from payments p1_0 left join orders o1_0 on o1_0.id=p1_0.order_id left join users u1_0 on u1_0.id=o1_0.user_id where p1_0.order_id=?
2024-08-15T11:25:26.530+03:00 DEBUG 3668 --- [E-Commerce] [http-nio-8080-exec-5] org.hibernate.SQL                        : select p1_0.id,p1_0.amount,o1_0.id,o1_0.order_date,o1_0.order_number,o1_0.status,u1_0.id,u1_0.address,u1_0.created_at,u1_0.email,u1_0.is_active,u1_0.`key`,u1_0.name,u1_0.password,u1_0.surname,u1_0.username,p1_0.payment_date,p1_0.payment_type from payments p1_0 left join orders o1_0 on o1_0.id=p1_0.order_id left join users u1_0 on u1_0.id=o1_0.user_id where p1_0.order_id=?
2024-08-15T11:25:26.532+03:00 DEBUG 3668 --- [E-Commerce] [http-nio-8080-exec-5] org.hibernate.SQL                        : select p1_0.id,p1_0.amount,o1_0.id,o1_0.order_date,o1_0.order_number,o1_0.status,u1_0.id,u1_0.address,u1_0.created_at,u1_0.email,u1_0.is_active,u1_0.`key`,u1_0.name,u1_0.password,u1_0.surname,u1_0.username,p1_0.payment_date,p1_0.payment_type from payments p1_0 left join orders o1_0 on o1_0.id=p1_0.order_id left join users u1_0 on u1_0.id=o1_0.user_id where p1_0.order_id=?
2024-08-15T11:25:26.533+03:00 DEBUG 3668 --- [E-Commerce] [http-nio-8080-exec-5] org.hibernate.SQL                        : select p1_0.id,p1_0.amount,o1_0.id,o1_0.order_date,o1_0.order_number,o1_0.status,u1_0.id,u1_0.address,u1_0.created_at,u1_0.email,u1_0.is_active,u1_0.`key`,u1_0.name,u1_0.password,u1_0.surname,u1_0.username,p1_0.payment_date,p1_0.payment_type from payments p1_0 left join orders o1_0 on o1_0.id=p1_0.order_id left join users u1_0 on u1_0.id=o1_0.user_id where p1_0.order_id=?
2024-08-15T11:25:26.536+03:00 DEBUG 3668 --- [E-Commerce] [http-nio-8080-exec-5] org.hibernate.SQL                        : select o1_0.id,o1_0.order_date,o1_0.order_number,o1_0.status,o1_0.user_id from orders o1_0 where o1_0.user_id=?
2024-08-15T11:25:26.540+03:00 DEBUG 3668 --- [E-Commerce] [http-nio-8080-exec-5] org.hibernate.SQL                        : select p1_0.id,p1_0.category_id,p1_0.description,p1_0.name,p1_0.price,p1_0.stock from products p1_0
2024-08-15T11:25:26.542+03:00 DEBUG 3668 --- [E-Commerce] [http-nio-8080-exec-5] org.hibernate.SQL                        : select c1_0.id,c1_0.name from categories c1_0 where c1_0.id=?
2024-08-15T11:25:26.543+03:00 DEBUG 3668 --- [E-Commerce] [http-nio-8080-exec-5] org.hibernate.SQL                        : select c1_0.id,c1_0.name from categories c1_0 where c1_0.id=?
2024-08-15T11:25:26.545+03:00 DEBUG 3668 --- [E-Commerce] [http-nio-8080-exec-5] org.hibernate.SQL                        : select c1_0.id,c1_0.name from categories c1_0 where c1_0.id=?
2024-08-15T11:25:26.546+03:00 DEBUG 3668 --- [E-Commerce] [http-nio-8080-exec-5] org.hibernate.SQL                        : select c1_0.id,c1_0.name from categories c1_0 where c1_0.id=?
2024-08-15T11:25:26.547+03:00 DEBUG 3668 --- [E-Commerce] [http-nio-8080-exec-5] org.hibernate.SQL                        : select c1_0.id,c1_0.name from categories c1_0 where c1_0.id=?
2024-08-15T11:25:26.572+03:00 DEBUG 3668 --- [E-Commerce] [http-nio-8080-exec-5] org.hibernate.SQL                        : select c1_0.id,c1_0.name from categories c1_0
2024-08-15T11:25:26.602+03:00 DEBUG 3668 --- [E-Commerce] [http-nio-8080-exec-5] org.hibernate.SQL                        : select oi1_0.order_id,oi1_0.id,oi1_0.price,p1_0.id,c1_0.id,c1_0.name,p1_0.description,p1_0.name,p1_0.price,p1_0.stock,oi1_0.quantity from order_items oi1_0 left join products p1_0 on p1_0.id=oi1_0.product_id left join categories c1_0 on c1_0.id=p1_0.category_id where oi1_0.order_id=?
2024-08-15T11:26:25.517+03:00 DEBUG 3668 --- [E-Commerce] [http-nio-8080-exec-8] org.hibernate.SQL                        : select u1_0.id,u1_0.address,u1_0.created_at,u1_0.email,u1_0.is_active,u1_0.`key`,u1_0.name,u1_0.password,u1_0.surname,u1_0.username from users u1_0 where u1_0.username=? and u1_0.password=?
2024-08-15T11:26:25.539+03:00 DEBUG 3668 --- [E-Commerce] [http-nio-8080-exec-9] org.hibernate.SQL                        : select o1_0.id,o1_0.order_date,oi1_0.order_id,oi1_0.id,oi1_0.price,oi1_0.product_id,oi1_0.quantity,o1_0.order_number,o1_0.status,o1_0.user_id from orders o1_0 join order_items oi1_0 on o1_0.id=oi1_0.order_id where o1_0.id=?
2024-08-15T11:26:25.541+03:00 DEBUG 3668 --- [E-Commerce] [http-nio-8080-exec-9] org.hibernate.SQL                        : select p1_0.id,p1_0.category_id,p1_0.description,p1_0.name,p1_0.price,p1_0.stock from products p1_0
2024-08-15T11:26:25.542+03:00 DEBUG 3668 --- [E-Commerce] [http-nio-8080-exec-9] org.hibernate.SQL                        : select c1_0.id,c1_0.name from categories c1_0 where c1_0.id=?
2024-08-15T11:26:25.543+03:00 DEBUG 3668 --- [E-Commerce] [http-nio-8080-exec-9] org.hibernate.SQL                        : select c1_0.id,c1_0.name from categories c1_0 where c1_0.id=?
2024-08-15T11:26:25.544+03:00 DEBUG 3668 --- [E-Commerce] [http-nio-8080-exec-9] org.hibernate.SQL                        : select c1_0.id,c1_0.name from categories c1_0 where c1_0.id=?
2024-08-15T11:26:25.545+03:00 DEBUG 3668 --- [E-Commerce] [http-nio-8080-exec-9] org.hibernate.SQL                        : select c1_0.id,c1_0.name from categories c1_0 where c1_0.id=?
2024-08-15T11:26:25.546+03:00 DEBUG 3668 --- [E-Commerce] [http-nio-8080-exec-9] org.hibernate.SQL                        : select c1_0.id,c1_0.name from categories c1_0 where c1_0.id=?
2024-08-15T11:26:25.554+03:00 DEBUG 3668 --- [E-Commerce] [http-nio-8080-exec-9] org.hibernate.SQL                        : select c1_0.id,c1_0.name from categories c1_0
2024-08-15T11:26:31.716+03:00 DEBUG 3668 --- [E-Commerce] [http-nio-8080-exec-2] org.hibernate.SQL                        : select u1_0.id,u1_0.address,u1_0.created_at,u1_0.email,u1_0.is_active,u1_0.`key`,u1_0.name,u1_0.password,u1_0.surname,u1_0.username from users u1_0 where u1_0.username=? and u1_0.password=?
2024-08-15T11:26:31.732+03:00 DEBUG 3668 --- [E-Commerce] [http-nio-8080-exec-3] org.hibernate.SQL                        : select u1_0.id,u1_0.address,u1_0.created_at,u1_0.email,u1_0.is_active,u1_0.`key`,u1_0.name,u1_0.password,u1_0.surname,u1_0.username from users u1_0 where u1_0.id=?
2024-08-15T11:26:31.735+03:00 DEBUG 3668 --- [E-Commerce] [http-nio-8080-exec-3] org.hibernate.SQL                        : select o1_0.id,o1_0.order_date,o1_0.order_number,o1_0.status,o1_0.user_id from orders o1_0 where o1_0.user_id=?
2024-08-15T11:26:31.736+03:00 DEBUG 3668 --- [E-Commerce] [http-nio-8080-exec-3] org.hibernate.SQL                        : select p1_0.id,p1_0.amount,o1_0.id,o1_0.order_date,o1_0.order_number,o1_0.status,u1_0.id,u1_0.address,u1_0.created_at,u1_0.email,u1_0.is_active,u1_0.`key`,u1_0.name,u1_0.password,u1_0.surname,u1_0.username,p1_0.payment_date,p1_0.payment_type from payments p1_0 left join orders o1_0 on o1_0.id=p1_0.order_id left join users u1_0 on u1_0.id=o1_0.user_id where p1_0.order_id=?
2024-08-15T11:26:31.737+03:00 DEBUG 3668 --- [E-Commerce] [http-nio-8080-exec-3] org.hibernate.SQL                        : select p1_0.id,p1_0.amount,o1_0.id,o1_0.order_date,o1_0.order_number,o1_0.status,u1_0.id,u1_0.address,u1_0.created_at,u1_0.email,u1_0.is_active,u1_0.`key`,u1_0.name,u1_0.password,u1_0.surname,u1_0.username,p1_0.payment_date,p1_0.payment_type from payments p1_0 left join orders o1_0 on o1_0.id=p1_0.order_id left join users u1_0 on u1_0.id=o1_0.user_id where p1_0.order_id=?
2024-08-15T11:26:31.739+03:00 DEBUG 3668 --- [E-Commerce] [http-nio-8080-exec-3] org.hibernate.SQL                        : select p1_0.id,p1_0.amount,o1_0.id,o1_0.order_date,o1_0.order_number,o1_0.status,u1_0.id,u1_0.address,u1_0.created_at,u1_0.email,u1_0.is_active,u1_0.`key`,u1_0.name,u1_0.password,u1_0.surname,u1_0.username,p1_0.payment_date,p1_0.payment_type from payments p1_0 left join orders o1_0 on o1_0.id=p1_0.order_id left join users u1_0 on u1_0.id=o1_0.user_id where p1_0.order_id=?
2024-08-15T11:26:31.740+03:00 DEBUG 3668 --- [E-Commerce] [http-nio-8080-exec-3] org.hibernate.SQL                        : select p1_0.id,p1_0.amount,o1_0.id,o1_0.order_date,o1_0.order_number,o1_0.status,u1_0.id,u1_0.address,u1_0.created_at,u1_0.email,u1_0.is_active,u1_0.`key`,u1_0.name,u1_0.password,u1_0.surname,u1_0.username,p1_0.payment_date,p1_0.payment_type from payments p1_0 left join orders o1_0 on o1_0.id=p1_0.order_id left join users u1_0 on u1_0.id=o1_0.user_id where p1_0.order_id=?
2024-08-15T11:26:31.743+03:00 DEBUG 3668 --- [E-Commerce] [http-nio-8080-exec-3] org.hibernate.SQL                        : select o1_0.id,o1_0.order_date,o1_0.order_number,o1_0.status,o1_0.user_id from orders o1_0 where o1_0.user_id=?
2024-08-15T11:26:31.746+03:00 DEBUG 3668 --- [E-Commerce] [http-nio-8080-exec-3] org.hibernate.SQL                        : select p1_0.id,p1_0.category_id,p1_0.description,p1_0.name,p1_0.price,p1_0.stock from products p1_0
2024-08-15T11:26:31.747+03:00 DEBUG 3668 --- [E-Commerce] [http-nio-8080-exec-3] org.hibernate.SQL                        : select c1_0.id,c1_0.name from categories c1_0 where c1_0.id=?
2024-08-15T11:26:31.748+03:00 DEBUG 3668 --- [E-Commerce] [http-nio-8080-exec-3] org.hibernate.SQL                        : select c1_0.id,c1_0.name from categories c1_0 where c1_0.id=?
2024-08-15T11:26:31.749+03:00 DEBUG 3668 --- [E-Commerce] [http-nio-8080-exec-3] org.hibernate.SQL                        : select c1_0.id,c1_0.name from categories c1_0 where c1_0.id=?
2024-08-15T11:26:31.750+03:00 DEBUG 3668 --- [E-Commerce] [http-nio-8080-exec-3] org.hibernate.SQL                        : select c1_0.id,c1_0.name from categories c1_0 where c1_0.id=?
2024-08-15T11:26:31.752+03:00 DEBUG 3668 --- [E-Commerce] [http-nio-8080-exec-3] org.hibernate.SQL                        : select c1_0.id,c1_0.name from categories c1_0 where c1_0.id=?
2024-08-15T11:26:31.757+03:00 DEBUG 3668 --- [E-Commerce] [http-nio-8080-exec-3] org.hibernate.SQL                        : select c1_0.id,c1_0.name from categories c1_0
2024-08-15T11:26:31.760+03:00 DEBUG 3668 --- [E-Commerce] [http-nio-8080-exec-3] org.hibernate.SQL                        : select oi1_0.order_id,oi1_0.id,oi1_0.price,p1_0.id,c1_0.id,c1_0.name,p1_0.description,p1_0.name,p1_0.price,p1_0.stock,oi1_0.quantity from order_items oi1_0 left join products p1_0 on p1_0.id=oi1_0.product_id left join categories c1_0 on c1_0.id=p1_0.category_id where oi1_0.order_id=?
2024-08-15T11:29:16.054+03:00 DEBUG 3668 --- [E-Commerce] [http-nio-8080-exec-6] org.hibernate.SQL                        : insert into users (address,created_at,email,is_active,`key`,name,password,surname,username) values (?,?,?,?,?,?,?,?,?)
2024-08-15T11:30:07.914+03:00  INFO 3668 --- [E-Commerce] [SpringApplicationShutdownHook] j.LocalContainerEntityManagerFactoryBean : Closing JPA EntityManagerFactory for persistence unit 'default'
2024-08-15T11:30:07.916+03:00  INFO 3668 --- [E-Commerce] [SpringApplicationShutdownHook] com.zaxxer.hikari.HikariDataSource       : HikariPool-1 - Shutdown initiated...
2024-08-15T11:30:07.922+03:00  INFO 3668 --- [E-Commerce] [SpringApplicationShutdownHook] com.zaxxer.hikari.HikariDataSource       : HikariPool-1 - Shutdown completed.
